Size of Data Array = 10000000
Reference sequential code performance in GigaOps Min: 1.23; Max: 1.24
Max Threads (from omp_get_max_threads) = 64
Performance (Best & Worst) of parallelized version: GFLOPS || Speedup on 1/2/4/8/10/15/20/31/63 threads
Best Performance (GFLOPS || Speedup): 1.24 2.43 4.80 9.37 11.89 18.55 25.72 25.67 42.29  || 1.00 1.96 3.88 7.57 9.62 15.00 20.80 20.76 34.21 
Worst Performance (GFLOPS || Speedup): 1.23 2.37 4.45 7.86 10.13 11.08 13.22 11.31 0.03  || 0.99 1.92 3.60 6.35 8.19 8.96 10.69 9.15 0.02 
Size of Data Array = 10000000
Reference sequential code performance in GigaOps Min: 1.22; Max: 1.25
Max Threads (from omp_get_max_threads) = 64
Performance (Best & Worst) of parallelized version: GFLOPS || Speedup on 1/2/4/8/10/15/20/31/63 threads
Best Performance (GFLOPS || Speedup): 1.25 2.45 4.82 9.53 11.79 17.48 25.19 24.95 42.87  || 1.00 1.96 3.85 7.61 9.42 13.97 20.13 19.94 34.26 
Worst Performance (GFLOPS || Speedup): 1.24 2.39 4.53 7.91 7.76 10.63 12.53 0.36 0.05  || 0.99 1.91 3.62 6.32 6.20 8.49 10.02 0.29 0.04 
Size of Data Array = 10000000
Reference sequential code performance in GigaOps Min: 1.23; Max: 1.25
Max Threads (from omp_get_max_threads) = 64
Performance (Best & Worst) of parallelized version: GFLOPS || Speedup on 1/2/4/8/10/15/20/31/63 threads
Best Performance (GFLOPS || Speedup): 1.25 2.45 4.83 9.39 11.64 17.73 25.30 25.18 41.84  || 1.00 1.95 3.85 7.49 9.29 14.16 20.20 20.10 33.40 
Worst Performance (GFLOPS || Speedup): 1.24 2.40 4.55 7.89 10.11 11.52 13.13 0.45 0.05  || 0.99 1.92 3.63 6.30 8.07 9.19 10.48 0.36 0.04 
Size of Data Array = 10000000
Reference sequential code performance in GigaOps Min: 1.21; Max: 1.23
Max Threads (from omp_get_max_threads) = 64
Performance (Best & Worst) of parallelized version: GFLOPS || Speedup on 1/2/4/8/10/15/20/31/63 threads
Best Performance (GFLOPS || Speedup): 1.24 2.45 4.84 9.59 11.42 17.55 25.09 25.15 0.10  || 1.00 1.99 3.93 7.78 9.28 14.25 20.38 20.43 0.08 
Worst Performance (GFLOPS || Speedup): 1.22 2.39 4.49 7.83 9.24 12.38 12.58 10.82 0.03  || 0.99 1.94 3.65 6.36 7.51 10.05 10.22 8.79 0.03 
Size of Data Array = 10000000
Reference sequential code performance in GigaOps Min: 1.21; Max: 1.24
Max Threads (from omp_get_max_threads) = 64
Performance (Best & Worst) of parallelized version: GFLOPS || Speedup on 1/2/4/8/10/15/20/31/63 threads
Best Performance (GFLOPS || Speedup): 1.23 2.43 4.77 9.46 11.92 17.62 24.73 25.04 0.10  || 0.99 1.96 3.86 7.65 9.65 14.25 20.01 20.26 0.08 
Worst Performance (GFLOPS || Speedup): 1.21 2.35 4.46 7.98 10.04 12.63 13.21 11.14 0.04  || 0.98 1.90 3.61 6.46 8.13 10.22 10.69 9.01 0.03 
Size of Data Array = 10000000
Reference sequential code performance in GigaOps Min: 1.22; Max: 1.23
Max Threads (from omp_get_max_threads) = 64
Performance (Best & Worst) of parallelized version: GFLOPS || Speedup on 1/2/4/8/10/15/20/31/63 threads
Best Performance (GFLOPS || Speedup): 1.23 2.44 4.81 9.53 11.76 18.78 25.46 24.88 23.74  || 1.00 1.99 3.91 7.75 9.56 15.26 20.69 20.22 19.30 
Worst Performance (GFLOPS || Speedup): 1.22 2.40 4.49 7.90 9.62 10.98 14.13 0.52 0.03  || 1.00 1.95 3.65 6.42 7.82 8.93 11.49 0.42 0.03 
