Matrix Size = 1000; NTrials=5
Reference sequential code performance in GFLOPS Min: 5.93; Max: 5.99
Max Threads (from omp_get_max_threads) = 64
Performance (Best & Worst) of parallelized version: GFLOPS || Speedup on 1/2/4/8/10/15/20/31/63 threads
Best Performance (GFLOPS || Speedup): 5.79 5.81 5.85 5.81 5.78 5.94 5.90 3.12 1.15  || 0.97 0.97 0.98 0.97 0.97 0.99 0.99 0.52 0.19 
Worst Performance (GFLOPS || Speedup): 5.60 5.76 5.79 5.74 5.74 3.51 3.31 1.38 0.69  || 0.94 0.96 0.97 0.96 0.96 0.59 0.55 0.23 0.12 
Matrix Size = 1000; NTrials=5
Reference sequential code performance in GFLOPS Min: 6.01; Max: 6.14
Max Threads (from omp_get_max_threads) = 64
Performance (Best & Worst) of parallelized version: GFLOPS || Speedup on 1/2/4/8/10/15/20/31/63 threads
Best Performance (GFLOPS || Speedup): 5.96 5.98 5.98 5.90 5.91 5.93 3.60 3.28 1.14  || 0.97 0.97 0.97 0.96 0.96 0.97 0.59 0.54 0.19 
Worst Performance (GFLOPS || Speedup): 5.91 5.89 5.84 5.84 5.87 4.01 3.28 1.77 0.68  || 0.96 0.96 0.95 0.95 0.96 0.65 0.54 0.29 0.11 
Matrix Size = 1000; NTrials=5
Reference sequential code performance in GFLOPS Min: 6.05; Max: 6.12
Max Threads (from omp_get_max_threads) = 64
Performance (Best & Worst) of parallelized version: GFLOPS || Speedup on 1/2/4/8/10/15/20/31/63 threads
Best Performance (GFLOPS || Speedup): 5.89 5.99 5.95 5.91 5.88 5.92 3.65 3.22 1.31  || 0.96 0.98 0.97 0.97 0.96 0.97 0.60 0.53 0.21 
Worst Performance (GFLOPS || Speedup): 5.75 5.84 5.67 5.79 5.86 3.57 3.28 1.76 0.68  || 0.94 0.95 0.93 0.95 0.96 0.58 0.54 0.29 0.11 
Matrix Size = 1000; NTrials=5
Reference sequential code performance in GFLOPS Min: 1.30; Max: 1.31
Max Threads (from omp_get_max_threads) = 64
Performance (Best & Worst) of parallelized version: GFLOPS || Speedup on 1/2/4/8/10/15/20/31/63 threads
Best Performance (GFLOPS || Speedup): 1.26 1.44 2.14 3.70 4.05 4.01 3.10 2.90 1.15  || 0.96 1.10 1.63 2.82 3.09 3.06 2.36 2.22 0.88 
Worst Performance (GFLOPS || Speedup): 1.25 1.43 2.14 3.37 3.32 1.96 1.80 1.71 0.68  || 0.96 1.09 1.63 2.58 2.54 1.50 1.37 1.30 0.52 
Matrix Size = 1000; NTrials=5
Reference sequential code performance in GFLOPS Min: 1.30; Max: 1.31
Max Threads (from omp_get_max_threads) = 64
Performance (Best & Worst) of parallelized version: GFLOPS || Speedup on 1/2/4/8/10/15/20/31/63 threads
Best Performance (GFLOPS || Speedup): 1.26 1.43 2.12 3.73 4.11 3.30 3.28 2.91 1.12  || 0.96 1.09 1.62 2.85 3.14 2.52 2.51 2.22 0.85 
Worst Performance (GFLOPS || Speedup): 1.26 1.42 2.11 3.39 3.33 1.96 1.77 1.71 0.67  || 0.96 1.09 1.61 2.59 2.55 1.50 1.35 1.30 0.51 
Matrix Size = 1000; NTrials=5
Reference sequential code performance in GFLOPS Min: 1.16; Max: 1.32
Max Threads (from omp_get_max_threads) = 64
Performance (Best & Worst) of parallelized version: GFLOPS || Speedup on 1/2/4/8/10/15/20/31/63 threads
Best Performance (GFLOPS || Speedup): 1.27 1.43 2.14 3.71 4.06 3.26 3.24 3.07 1.11  || 0.96 1.08 1.63 2.82 3.08 2.47 2.46 2.33 0.85 
Worst Performance (GFLOPS || Speedup): 1.26 1.42 2.14 3.70 2.50 1.89 1.80 1.69 0.67  || 0.96 1.08 1.62 2.81 1.90 1.44 1.37 1.28 0.51 
Matrix Size = 1000; NTrials=5
Reference sequential code performance in GFLOPS Min: 2.62; Max: 6.00
Max Threads (from omp_get_max_threads) = 32
Performance (Best & Worst) of parallelized version: GFLOPS || Speedup on 1/2/4/8/10/12/14/15/31 threads
Best Performance (GFLOPS || Speedup): 5.45 5.70 5.75 5.14 5.73 5.73 5.73 5.73 5.67  || 0.91 0.95 0.96 0.86 0.95 0.95 0.95 0.95 0.95 
Worst Performance (GFLOPS || Speedup): 4.59 5.61 3.00 4.38 5.66 5.64 5.63 5.57 5.45  || 0.76 0.93 0.50 0.73 0.94 0.94 0.94 0.93 0.91 
Matrix Size = 1000; NTrials=5
Reference sequential code performance in GFLOPS Min: 5.85; Max: 5.98
Max Threads (from omp_get_max_threads) = 32
Performance (Best & Worst) of parallelized version: GFLOPS || Speedup on 1/2/4/8/10/12/14/15/31 threads
Best Performance (GFLOPS || Speedup): 5.81 5.81 5.80 5.70 5.66 5.66 5.66 5.74 5.63  || 0.97 0.97 0.97 0.95 0.95 0.95 0.95 0.96 0.94 
Worst Performance (GFLOPS || Speedup): 5.79 5.73 2.28 3.25 5.45 5.53 5.48 5.62 2.47  || 0.97 0.96 0.38 0.54 0.91 0.92 0.92 0.94 0.41 
Matrix Size = 1000; NTrials=5
Reference sequential code performance in GFLOPS Min: 4.80; Max: 6.07
Max Threads (from omp_get_max_threads) = 32
Performance (Best & Worst) of parallelized version: GFLOPS || Speedup on 1/2/4/8/10/12/14/15/31 threads
Best Performance (GFLOPS || Speedup): 5.84 5.80 5.79 5.77 4.35 5.83 5.72 4.24 5.60  || 0.96 0.96 0.95 0.95 0.72 0.96 0.94 0.70 0.92 
Worst Performance (GFLOPS || Speedup): 5.69 5.77 5.71 2.31 3.57 5.66 2.86 3.24 5.39  || 0.94 0.95 0.94 0.38 0.59 0.93 0.47 0.53 0.89 
Matrix Size = 1000; NTrials=5
Reference sequential code performance in GFLOPS Min: 0.47; Max: 0.56
Max Threads (from omp_get_max_threads) = 32
Performance (Best & Worst) of parallelized version: GFLOPS || Speedup on 1/2/4/8/10/12/14/15/31 threads
Best Performance (GFLOPS || Speedup): 0.55 0.57 0.72 1.18 1.40 1.58 1.84 1.87 1.33  || 0.97 1.02 1.27 2.09 2.49 2.80 3.27 3.31 2.36 
Worst Performance (GFLOPS || Speedup): 0.51 0.45 0.57 0.98 1.01 1.04 0.71 0.75 0.93  || 0.90 0.79 1.00 1.74 1.79 1.84 1.26 1.33 1.64 
Matrix Size = 1000; NTrials=5
Reference sequential code performance in GFLOPS Min: 0.47; Max: 0.56
Max Threads (from omp_get_max_threads) = 32
Performance (Best & Worst) of parallelized version: GFLOPS || Speedup on 1/2/4/8/10/12/14/15/31 threads
Best Performance (GFLOPS || Speedup): 0.55 0.57 0.72 1.17 1.41 1.64 1.58 2.02 1.19  || 0.98 1.02 1.28 2.08 2.50 2.91 2.81 3.58 2.11 
Worst Performance (GFLOPS || Speedup): 0.50 0.57 0.63 0.90 0.94 1.02 0.83 1.12 1.10  || 0.89 1.01 1.12 1.59 1.67 1.81 1.47 1.98 1.95 
Matrix Size = 1000; NTrials=5
Reference sequential code performance in GFLOPS Min: 0.49; Max: 0.56
Max Threads (from omp_get_max_threads) = 32
Performance (Best & Worst) of parallelized version: GFLOPS || Speedup on 1/2/4/8/10/12/14/15/31 threads
Best Performance (GFLOPS || Speedup): 0.55 0.57 0.67 1.16 1.41 1.54 1.53 1.89 1.28  || 0.97 1.01 1.19 2.06 2.51 2.74 2.72 3.35 2.27 
Worst Performance (GFLOPS || Speedup): 0.46 0.45 0.54 0.99 1.06 1.28 1.33 1.50 1.03  || 0.82 0.80 0.95 1.77 1.88 2.27 2.36 2.66 1.83 
Matrix Size = 1000; NTrials=5
Reference sequential code performance in GFLOPS Min: 6.02; Max: 6.03
Max Threads (from omp_get_max_threads) = 32
Performance (Best & Worst) of parallelized version: GFLOPS || Speedup on 1/2/4/8/10/12/14/15/31 threads
Best Performance (GFLOPS || Speedup): 5.90 5.90 5.90 5.90 5.90 5.90 5.89 5.96 5.89  || 0.98 0.98 0.98 0.98 0.98 0.98 0.98 0.99 0.98 
Worst Performance (GFLOPS || Speedup): 5.81 5.89 5.88 5.88 5.89 5.89 5.71 5.82 5.82  || 0.96 0.98 0.98 0.98 0.98 0.98 0.95 0.96 0.97 
Matrix Size = 1000; NTrials=5
Reference sequential code performance in GFLOPS Min: 6.04; Max: 6.05
Max Threads (from omp_get_max_threads) = 32
Performance (Best & Worst) of parallelized version: GFLOPS || Speedup on 1/2/4/8/10/12/14/15/31 threads
Best Performance (GFLOPS || Speedup): 5.93 5.96 5.93 5.95 5.89 5.89 5.89 5.89 5.89  || 0.98 0.99 0.98 0.98 0.97 0.97 0.97 0.97 0.97 
Worst Performance (GFLOPS || Speedup): 5.91 5.70 5.80 5.48 5.76 5.86 5.87 5.87 5.75  || 0.98 0.94 0.96 0.91 0.95 0.97 0.97 0.97 0.95 
Matrix Size = 1000; NTrials=5
Reference sequential code performance in GFLOPS Min: 6.05; Max: 6.06
Max Threads (from omp_get_max_threads) = 32
Performance (Best & Worst) of parallelized version: GFLOPS || Speedup on 1/2/4/8/10/12/14/15/31 threads
Best Performance (GFLOPS || Speedup): 5.93 5.94 5.97 5.96 5.96 5.96 5.96 5.96 5.88  || 0.98 0.98 0.98 0.98 0.98 0.98 0.98 0.98 0.97 
Worst Performance (GFLOPS || Speedup): 5.92 5.91 5.72 5.92 5.84 5.95 5.93 5.88 5.72  || 0.98 0.97 0.94 0.98 0.96 0.98 0.98 0.97 0.94 
Matrix Size = 1000; NTrials=5
Reference sequential code performance in GFLOPS Min: 0.53; Max: 0.54
Max Threads (from omp_get_max_threads) = 32
Performance (Best & Worst) of parallelized version: GFLOPS || Speedup on 1/2/4/8/10/12/14/15/31 threads
Best Performance (GFLOPS || Speedup): 0.55 0.58 0.72 1.18 1.42 1.56 1.63 1.92 1.91  || 1.02 1.06 1.33 2.17 2.61 2.87 3.00 3.54 3.51 
Worst Performance (GFLOPS || Speedup): 0.55 0.58 0.72 1.18 1.32 1.37 1.50 1.62 0.93  || 1.02 1.06 1.33 2.17 2.43 2.52 2.75 2.97 1.71 
Matrix Size = 1000; NTrials=5
Reference sequential code performance in GFLOPS Min: 0.53; Max: 0.54
Max Threads (from omp_get_max_threads) = 32
Performance (Best & Worst) of parallelized version: GFLOPS || Speedup on 1/2/4/8/10/12/14/15/31 threads
Best Performance (GFLOPS || Speedup): 0.55 0.58 0.72 1.18 1.42 1.67 1.86 1.91 1.81  || 1.02 1.06 1.33 2.17 2.61 3.06 3.42 3.52 3.32 
Worst Performance (GFLOPS || Speedup): 0.55 0.57 0.72 1.18 1.42 1.65 1.62 1.48 1.32  || 1.01 1.05 1.33 2.17 2.61 3.03 2.99 2.72 2.43 
Matrix Size = 1000; NTrials=5
Reference sequential code performance in GFLOPS Min: 0.54; Max: 0.54
Max Threads (from omp_get_max_threads) = 32
Performance (Best & Worst) of parallelized version: GFLOPS || Speedup on 1/2/4/8/10/12/14/15/31 threads
Best Performance (GFLOPS || Speedup): 0.55 0.58 0.72 1.18 1.42 1.67 1.91 2.05 1.64  || 1.02 1.06 1.33 2.17 2.61 3.06 3.52 3.76 3.02 
Worst Performance (GFLOPS || Speedup): 0.55 0.57 0.72 1.18 1.42 1.67 1.68 1.40 1.02  || 1.01 1.06 1.33 2.17 2.61 3.06 3.08 2.57 1.87 
